[40107:40107:0815/191018.711166:WARNING:chrome_main_delegate.cc(744)] This is Chrome version 127.0.6533.99 (not a warning)
[40107:40107:0815/191018.947102:WARNING:account_consistency_mode_manager.cc(77)] Desktop Identity Consistency cannot be enabled as no OAuth client ID and client secret have been configured.
[40107:40107:0815/191018.957948:WARNING:browser_management_service.cc(128)] EnterpriseLogoUrl fetch failed with error code -1 and MIME type 
[40107:40107:0815/191019.313950:WARNING:bluez_dbus_manager.cc(248)] Floss manager not present, cannot set Floss enable/disable.
[40107:40107:0815/191019.512035:ERROR:object_proxy.cc(576)] Failed to call method: org.freedesktop.ScreenSaver.GetActive: object_path= /org/freedesktop/ScreenSaver: org.freedesktop.DBus.Error.NotSupported: This method is not implemented
[40153:40153:0815/191020.396370:WARNING:sandbox_linux.cc(430)] InitializeSandbox() called with multiple threads in process gpu-process.
[40107:40107:0815/191020.853968:INFO:CONSOLE(0)] "Error with Permissions-Policy header: Origin trial controlled feature not enabled: 'run-ad-auction'.", source:  (0)
[40107:40107:0815/191020.854056:INFO:CONSOLE(0)] "Error with Permissions-Policy header: Origin trial controlled feature not enabled: 'join-ad-interest-group'.", source:  (0)
[40107:40107:0815/191021.175631:INFO:CONSOLE(1)] "[Report Only] This document requires 'TrustedScriptURL' assignment.", source: https://res.cdn.office.net/owamail/hashed-v1/scripts/owa.mail.runtime.70694237.js (1)
[40107:40107:0815/191021.180651:INFO:CONSOLE(1)] "[Report Only] This document requires 'TrustedScriptURL' assignment.", source: https://res.cdn.office.net/owamail/hashed-v1/scripts/owa.mail.runtime.70694237.js (1)
[40107:40107:0815/191021.245382:INFO:CONSOLE(1)] "Uncaught (in promise) Error: 401", source: https://res.cdn.office.net/owamail/hashed-v1/scripts/owa.mailindex.39816f4d.js (1)
[40107:40107:0815/191021.245518:INFO:CONSOLE(1)] "Uncaught (in promise) SyntaxError: Unexpected end of JSON input", source: https://outlook.office.com/mail/ (1)
[40107:40107:0815/191022.202159:INFO:CONSOLE(0)] "Error with Permissions-Policy header: Origin trial controlled feature not enabled: 'run-ad-auction'.", source:  (0)
[40107:40107:0815/191022.202256:INFO:CONSOLE(0)] "Error with Permissions-Policy header: Origin trial controlled feature not enabled: 'join-ad-interest-group'.", source:  (0)
[40107:40107:0815/191022.425892:INFO:CONSOLE(0)] "Error with Permissions-Policy header: Origin trial controlled feature not enabled: 'run-ad-auction'.", source:  (0)
[40107:40107:0815/191022.425939:INFO:CONSOLE(0)] "Error with Permissions-Policy header: Origin trial controlled feature not enabled: 'join-ad-interest-group'.", source:  (0)
[40107:40107:0815/191022.560986:INFO:CONSOLE(0)] "[DOM] Input elements should have autocomplete attributes (suggested: "current-password"): (More info: https://goo.gl/9p2vKq) %o", source: https://login.microsoftonline.com/common/oauth2/authorize?client_id=00000002-0000-0ff1-ce00-000000000000&redirect_uri=https%3a%2f%2foutlook.office.com%2fowa%2f&resource=00000002-0000-0ff1-ce00-000000000000&response_mode=form_post&response_type=code+id_token&scope=openid&msafed=1&msaredir=1&client-request-id=22ad3fb9-9952-c5e1-4a36-714084deb4c0&protectedtoken=true&claims=%7b%22id_token%22%3a%7b%22xms_cc%22%3a%7b%22values%22%3a%5b%22CP1%22%5d%7d%7d%7d&nonce=638593386218224847.1f3b8881-4230-4a60-9793-5867ac1ddefa&state=Dcu7DoIwGEDhou_iVumN9u9AHDSGARc00bD1RgKxwUCD8e3t8J3tFAihfbbLCpKDlORQac5BMgqMCRDqSAduAYBiwTjBwkiCtdIcVyCVcdT7MJgiv5dy_prytCaTQk0PS_DjElx6zLVpOuKam2x_evOvbrVML23UsY_vqb9Xk2Vks8_rx57hDw (0)
[40107:40107:0815/191027.635735:INFO:CONSOLE(0)] "Error with Permissions-Policy header: Origin trial controlled feature not enabled: 'run-ad-auction'.", source:  (0)
[40107:40107:0815/191027.636289:INFO:CONSOLE(0)] "Error with Permissions-Policy header: Origin trial controlled feature not enabled: 'join-ad-interest-group'.", source:  (0)
[40107:40107:0815/191027.791947:ERROR:page_load_metrics_update_dispatcher.cc(179)] Invalid first_paint 0.747 s for first_image_paint 0.735 s
[40107:40107:0815/191027.956419:ERROR:page_load_metrics_update_dispatcher.cc(179)] Invalid first_paint 0.747 s for first_image_paint 0.735 s
[40107:40107:0815/191028.168645:ERROR:page_load_metrics_update_dispatcher.cc(179)] Invalid first_paint 0.747 s for first_image_paint 0.735 s
[40107:40107:0815/191028.176092:INFO:CONSOLE(0)] "[DOM] Password forms should have (optionally hidden) username fields for accessibility: (More info: https://goo.gl/9p2vKq) %o", source: https://login.live.com/login.srf?wa=wsignin1.0&rpsnv=158&ct=1723741827&rver=7.0.6738.0&wp=MBI_SSL&wreply=https%3a%2f%2foutlook.live.com%2fowa%2f%3fusername%3djason.kayembe.ulb.test3%2540outlook.com%26state%3d1%26redirectTo%3daHR0cHM6Ly9vdXRsb29rLmxpdmUuY29tL21haWwv%26RpsCsrfState%3d11fe5468-ecb4-d0f4-4fae-88b7a6616545&id=292841&aadredir=0&username=jason.kayembe.ulb.test3%40outlook.com&CBCXT=out&lw=1&fl=dob%2cflname%2cwld&cobrandid=90015&login_hint=jason.kayembe.ulb.test3%40outlook.com (0)
[40107:40107:0815/191028.295445:ERROR:page_load_metrics_update_dispatcher.cc(179)] Invalid first_paint 0.747 s for first_image_paint 0.735 s
[40107:40107:0815/191028.397196:ERROR:page_load_metrics_update_dispatcher.cc(179)] Invalid first_paint 0.747 s for first_image_paint 0.735 s
[40107:40107:0815/191028.512136:ERROR:page_load_metrics_update_dispatcher.cc(179)] Invalid first_paint 0.747 s for first_image_paint 0.735 s
[40107:40107:0815/191028.851702:ERROR:page_load_metrics_update_dispatcher.cc(179)] Invalid first_paint 0.747 s for first_image_paint 0.735 s
[40107:40107:0815/191029.002168:ERROR:page_load_metrics_update_dispatcher.cc(179)] Invalid first_paint 0.747 s for first_image_paint 0.735 s
[40107:40107:0815/191029.076123:ERROR:page_load_metrics_update_dispatcher.cc(179)] Invalid first_paint 0.747 s for first_image_paint 0.735 s
[40107:40107:0815/191029.176715:ERROR:page_load_metrics_update_dispatcher.cc(179)] Invalid first_paint 0.747 s for first_image_paint 0.735 s
[40107:40107:0815/191029.671679:ERROR:page_load_metrics_update_dispatcher.cc(179)] Invalid first_paint 0.747 s for first_image_paint 0.735 s
[40107:40107:0815/191029.787028:ERROR:page_load_metrics_update_dispatcher.cc(179)] Invalid first_paint 0.747 s for first_image_paint 0.735 s
[40107:40107:0815/191029.902028:ERROR:page_load_metrics_update_dispatcher.cc(179)] Invalid first_paint 0.747 s for first_image_paint 0.735 s
[40107:40107:0815/191030.022716:ERROR:page_load_metrics_update_dispatcher.cc(179)] Invalid first_paint 0.747 s for first_image_paint 0.735 s
[40107:40107:0815/191030.139307:ERROR:page_load_metrics_update_dispatcher.cc(179)] Invalid first_paint 0.747 s for first_image_paint 0.735 s
[40107:40107:0815/191030.257772:ERROR:page_load_metrics_update_dispatcher.cc(179)] Invalid first_paint 0.747 s for first_image_paint 0.735 s
[40107:40107:0815/191030.319846:INFO:CONSOLE(0)] "Error with Permissions-Policy header: Origin trial controlled feature not enabled: 'run-ad-auction'.", source:  (0)
[40107:40107:0815/191030.319939:INFO:CONSOLE(0)] "Error with Permissions-Policy header: Origin trial controlled feature not enabled: 'join-ad-interest-group'.", source:  (0)
[40107:40107:0815/191030.320207:ERROR:page_load_metrics_update_dispatcher.cc(179)] Invalid first_paint 0.747 s for first_image_paint 0.735 s
[40165:40176:0815/191031.002554:WARNING:sqlite_persistent_store_backend_base.cc(198)] Failed to post task from FlushAndNotifyInBackground@net/extras/sqlite/sqlite_persistent_store_backend_base.cc:248 to client_task_runner_.
[40165:40176:0815/191031.002650:WARNING:sqlite_persistent_store_backend_base.cc(198)] Failed to post task from FlushAndNotifyInBackground@net/extras/sqlite/sqlite_persistent_store_backend_base.cc:248 to client_task_runner_.
[40107:40107:0815/191032.346408:WARNING:pref_notifier_impl.cc(41)] Pref observer for media_router.cast_allow_all_ips found at shutdown.
